<?xml version="1.0" encoding="UTF-8"?>
<coverage generated="1776449097078" clover="3.2.0">
  <project timestamp="1776449097078" name="All files">
    <metrics statements="35" coveredstatements="35" conditionals="6" coveredconditionals="6" methods="4" coveredmethods="4" elements="45" coveredelements="45" complexity="0" loc="35" ncloc="35" packages="2" files="2" classes="2"/>
    <package name="scope">
      <metrics statements="30" coveredstatements="30" conditionals="6" coveredconditionals="6" methods="4" coveredmethods="4"/>
      <file name="sibling-wave.ts" path="/Users/kft/Projects/lightarchitects-sdk/lightarchitects-webshell/web-figma/src/engineering/scope/sibling-wave.ts">
        <metrics statements="30" coveredstatements="30" conditionals="6" coveredconditionals="6" methods="4" coveredmethods="4"/>
        <line num="12" count="1" type="stmt"/>
        <line num="15" count="1" type="stmt"/>
        <line num="18" count="1" type="stmt"/>
        <line num="21" count="1" type="stmt"/>
        <line num="24" count="1" type="stmt"/>
        <line num="27" count="1" type="stmt"/>
        <line num="30" count="1" type="stmt"/>
        <line num="42" count="1" type="stmt"/>
        <line num="43" count="1" type="stmt"/>
        <line num="44" count="1" type="stmt"/>
        <line num="48" count="1" type="stmt"/>
        <line num="50" count="1" type="cond" truecount="1" falsecount="0"/>
        <line num="51" count="50" type="stmt"/>
        <line num="52" count="50" type="stmt"/>
        <line num="55" count="1" type="cond" truecount="1" falsecount="0"/>
        <line num="56" count="2424" type="stmt"/>
        <line num="57" count="2424" type="stmt"/>
        <line num="63" count="1" type="cond" truecount="1" falsecount="0"/>
        <line num="64" count="15128" type="stmt"/>
        <line num="65" count="15128" type="cond" truecount="1" falsecount="0"/>
        <line num="68" count="15128" type="cond" truecount="1" falsecount="0"/>
        <line num="70" count="15128" type="stmt"/>
        <line num="71" count="15128" type="stmt"/>
        <line num="74" count="15128" type="stmt"/>
        <line num="75" count="15128" type="stmt"/>
        <line num="76" count="15128" type="stmt"/>
        <line num="79" count="1" type="cond" truecount="1" falsecount="0"/>
        <line num="80" count="10" type="stmt"/>
        <line num="81" count="10" type="stmt"/>
        <line num="82" count="1" type="stmt"/>
      </file>
    </package>
    <package name="store">
      <metrics statements="5" coveredstatements="5" conditionals="0" coveredconditionals="0" methods="0" coveredmethods="0"/>
      <file name="sceneState.ts" path="/Users/kft/Projects/lightarchitects-sdk/lightarchitects-webshell/web-figma/src/engineering/store/sceneState.ts">
        <metrics statements="5" coveredstatements="5" conditionals="0" coveredconditionals="0" methods="0" coveredmethods="0"/>
        <line num="36" count="1" type="stmt"/>
        <line num="39" count="1" type="stmt"/>
        <line num="40" count="1" type="stmt"/>
        <line num="41" count="1" type="stmt"/>
        <line num="42" count="1" type="stmt"/>
      </file>
    </package>
  </project>
</coverage>
