{"/Users/kft/Projects/lightarchitects-sdk/lightarchitects-webshell/web-figma/src/engineering/scope/sibling-wave.ts": {"path":"/Users/kft/Projects/lightarchitects-sdk/lightarchitects-webshell/web-figma/src/engineering/scope/sibling-wave.ts","all":false,"statementMap":{"11":{"start":{"line":12,"column":0},"end":{"line":12,"column":26}},"14":{"start":{"line":15,"column":0},"end":{"line":15,"column":26}},"17":{"start":{"line":18,"column":0},"end":{"line":18,"column":31}},"20":{"start":{"line":21,"column":0},"end":{"line":21,"column":30}},"23":{"start":{"line":24,"column":0},"end":{"line":24,"column":34}},"26":{"start":{"line":27,"column":0},"end":{"line":27,"column":27}},"29":{"start":{"line":30,"column":0},"end":{"line":30,"column":27}},"41":{"start":{"line":42,"column":0},"end":{"line":42,"column":26}},"42":{"start":{"line":43,"column":0},"end":{"line":43,"column":15}},"43":{"start":{"line":44,"column":0},"end":{"line":44,"column":12}},"47":{"start":{"line":48,"column":0},"end":{"line":48,"column":17}},"49":{"start":{"line":50,"column":0},"end":{"line":50,"column":17}},"50":{"start":{"line":51,"column":0},"end":{"line":51,"column":46}},"51":{"start":{"line":52,"column":0},"end":{"line":52,"column":3}},"54":{"start":{"line":55,"column":0},"end":{"line":55,"column":17}},"55":{"start":{"line":56,"column":0},"end":{"line":56,"column":24}},"56":{"start":{"line":57,"column":0},"end":{"line":57,"column":3}},"62":{"start":{"line":63,"column":0},"end":{"line":63,"column":16}},"63":{"start":{"line":64,"column":0},"end":{"line":64,"column":55}},"64":{"start":{"line":65,"column":0},"end":{"line":65,"column":56}},"67":{"start":{"line":68,"column":0},"end":{"line":68,"column":52}},"69":{"start":{"line":70,"column":0},"end":{"line":70,"column":52}},"70":{"start":{"line":71,"column":0},"end":{"line":71,"column":64}},"73":{"start":{"line":74,"column":0},"end":{"line":74,"column":25}},"74":{"start":{"line":75,"column":0},"end":{"line":75,"column":30}},"75":{"start":{"line":76,"column":0},"end":{"line":76,"column":3}},"78":{"start":{"line":79,"column":0},"end":{"line":79,"column":23}},"79":{"start":{"line":80,"column":0},"end":{"line":80,"column":41}},"80":{"start":{"line":81,"column":0},"end":{"line":81,"column":3}},"81":{"start":{"line":82,"column":0},"end":{"line":82,"column":1}}},"s":{"11":1,"14":1,"17":1,"20":1,"23":1,"26":1,"29":1,"41":1,"42":1,"43":1,"47":1,"49":1,"50":50,"51":50,"54":1,"55":2424,"56":2424,"62":1,"63":15128,"64":15128,"67":15128,"69":15128,"70":15128,"73":15128,"74":15128,"75":15128,"78":1,"79":10,"80":10,"81":1},"branchMap":{"0":{"type":"branch","line":50,"loc":{"start":{"line":50,"column":2},"end":{"line":52,"column":3}},"locations":[{"start":{"line":50,"column":2},"end":{"line":52,"column":3}}]},"1":{"type":"branch","line":55,"loc":{"start":{"line":55,"column":2},"end":{"line":57,"column":3}},"locations":[{"start":{"line":55,"column":2},"end":{"line":57,"column":3}}]},"2":{"type":"branch","line":63,"loc":{"start":{"line":63,"column":2},"end":{"line":76,"column":3}},"locations":[{"start":{"line":63,"column":2},"end":{"line":76,"column":3}}]},"3":{"type":"branch","line":65,"loc":{"start":{"line":65,"column":38},"end":{"line":65,"column":56}},"locations":[{"start":{"line":65,"column":38},"end":{"line":65,"column":56}}]},"4":{"type":"branch","line":68,"loc":{"start":{"line":68,"column":27},"end":{"line":68,"column":52}},"locations":[{"start":{"line":68,"column":27},"end":{"line":68,"column":52}}]},"5":{"type":"branch","line":79,"loc":{"start":{"line":79,"column":2},"end":{"line":81,"column":3}},"locations":[{"start":{"line":79,"column":2},"end":{"line":81,"column":3}}]}},"b":{"0":[50],"1":[2424],"2":[15128],"3":[9162],"4":[5966],"5":[10]},"fnMap":{"0":{"name":"SiblingWave","decl":{"start":{"line":50,"column":2},"end":{"line":52,"column":3}},"loc":{"start":{"line":50,"column":2},"end":{"line":52,"column":3}},"line":50},"1":{"name":"spike","decl":{"start":{"line":55,"column":2},"end":{"line":57,"column":3}},"loc":{"start":{"line":55,"column":2},"end":{"line":57,"column":3}},"line":55},"2":{"name":"tick","decl":{"start":{"line":63,"column":2},"end":{"line":76,"column":3}},"loc":{"start":{"line":63,"column":2},"end":{"line":76,"column":3}},"line":63},"3":{"name":"isActive","decl":{"start":{"line":79,"column":2},"end":{"line":81,"column":3}},"loc":{"start":{"line":79,"column":2},"end":{"line":81,"column":3}},"line":79}},"f":{"0":50,"1":2424,"2":15128,"3":10}}
,"/Users/kft/Projects/lightarchitects-sdk/lightarchitects-webshell/web-figma/src/engineering/store/sceneState.ts": {"path":"/Users/kft/Projects/lightarchitects-sdk/lightarchitects-webshell/web-figma/src/engineering/store/sceneState.ts","all":false,"statementMap":{"35":{"start":{"line":36,"column":0},"end":{"line":36,"column":95}},"38":{"start":{"line":39,"column":0},"end":{"line":39,"column":48}},"39":{"start":{"line":40,"column":0},"end":{"line":40,"column":29}},"40":{"start":{"line":41,"column":0},"end":{"line":41,"column":23}},"41":{"start":{"line":42,"column":0},"end":{"line":42,"column":2}}},"s":{"35":1,"38":1,"39":1,"40":1,"41":1},"branchMap":{},"b":{},"fnMap":{},"f":{}}
}
